<?xml version="1.0" encoding="UTF-8"?>
<!-- Generated by org.testng.reporters.JUnitXMLReporter -->
<testsuite ignored="2" hostname="DESKTOP-PEFDB2S" failures="0" tests="4" name="Test1234" time="0.195" errors="0" timestamp="2022-10-21T20:12:23 IST">
  <testcase classname="TestPack.TestNGSimple" name="test1" time="0.024"/>
  <testcase classname="TestPack.TestNGSimple" name="test2" time="0.003"/>
  <testcase classname="TestPack.TestNGSimple2" name="testA" time="0.005"/>
  <testcase classname="TestPack.TestNGSimple2" name="testC" time="0.003"/>
  <testcase classname="TestPack.TestNGSimple2" name="testD" time="0.0">
    <ignored/>
  </testcase> <!-- testD -->
  <testcase classname="TestPack.TestNGSimple2" name="testB" time="0.0">
    <ignored/>
  </testcase> <!-- testB -->
</testsuite> <!-- Test1234 -->
